<?xml version="1.0" encoding="UTF-8"?>
<testng-results ignored="0" total="8" passed="7" failed="1" skipped="0">
  <reporter-output>
  </reporter-output>
  <suite started-at="2025-02-16T16:04:00 IST" name="ZRPL Test Suite" finished-at="2025-02-16T16:06:20 IST" duration-ms="139916">
    <groups>
    </groups>
    <test started-at="2025-02-16T16:04:00 IST" name="All Tests" finished-at="2025-02-16T16:06:20 IST" duration-ms="139916">
      <class name="tests.InstituteEmailIdTest">
        <test-method is-config="true" signature="setUp()[pri:0, instance:tests.InstituteEmailIdTest@3270d194]" started-at="2025-02-16T16:04:00 IST" name="setUp" finished-at="2025-02-16T16:04:06 IST" duration-ms="6466" status="PASS">
          <reporter-output>
          </reporter-output>
        </test-method> <!-- setUp -->
        <test-method signature="verifyLoginWithInvalidEmail()[pri:0, instance:tests.InstituteEmailIdTest@3270d194]" started-at="2025-02-16T16:04:06 IST" name="verifyLoginWithInvalidEmail" finished-at="2025-02-16T16:04:07 IST" duration-ms="487" status="PASS">
          <reporter-output>
          </reporter-output>
        </test-method> <!-- verifyLoginWithInvalidEmail -->
        <test-method is-config="true" signature="tearDown()[pri:0, instance:tests.InstituteEmailIdTest@3270d194]" started-at="2025-02-16T16:04:07 IST" name="tearDown" finished-at="2025-02-16T16:04:07 IST" duration-ms="264" status="PASS">
          <reporter-output>
          </reporter-output>
        </test-method> <!-- tearDown -->
        <test-method is-config="true" signature="setUp()[pri:0, instance:tests.InstituteEmailIdTest@3270d194]" started-at="2025-02-16T16:04:07 IST" name="setUp" finished-at="2025-02-16T16:04:11 IST" duration-ms="4169" status="PASS">
          <reporter-output>
          </reporter-output>
        </test-method> <!-- setUp -->
        <test-method signature="verifyLoginWithValidInstituteEmail()[pri:0, instance:tests.InstituteEmailIdTest@3270d194]" started-at="2025-02-16T16:04:11 IST" name="verifyLoginWithValidInstituteEmail" finished-at="2025-02-16T16:04:12 IST" duration-ms="1099" status="PASS">
          <reporter-output>
          </reporter-output>
        </test-method> <!-- verifyLoginWithValidInstituteEmail -->
        <test-method is-config="true" signature="tearDown()[pri:0, instance:tests.InstituteEmailIdTest@3270d194]" started-at="2025-02-16T16:04:12 IST" name="tearDown" finished-at="2025-02-16T16:04:13 IST" duration-ms="326" status="PASS">
          <reporter-output>
          </reporter-output>
        </test-method> <!-- tearDown -->
      </class> <!-- tests.InstituteEmailIdTest -->
      <class name="tests.PersonalEmailIdTest">
        <test-method is-config="true" signature="setUp()[pri:0, instance:tests.PersonalEmailIdTest@34e9fd99]" started-at="2025-02-16T16:06:02 IST" name="setUp" finished-at="2025-02-16T16:06:07 IST" duration-ms="4840" status="PASS">
          <reporter-output>
          </reporter-output>
        </test-method> <!-- setUp -->
        <test-method signature="verifyLoginWithInvalidEmail()[pri:0, instance:tests.PersonalEmailIdTest@34e9fd99]" started-at="2025-02-16T16:06:07 IST" name="verifyLoginWithInvalidEmail" finished-at="2025-02-16T16:06:07 IST" duration-ms="431" status="PASS">
          <reporter-output>
          </reporter-output>
        </test-method> <!-- verifyLoginWithInvalidEmail -->
        <test-method is-config="true" signature="tearDown()[pri:0, instance:tests.PersonalEmailIdTest@34e9fd99]" started-at="2025-02-16T16:06:07 IST" name="tearDown" finished-at="2025-02-16T16:06:07 IST" duration-ms="261" status="PASS">
          <reporter-output>
          </reporter-output>
        </test-method> <!-- tearDown -->
        <test-method is-config="true" signature="setUp()[pri:0, instance:tests.PersonalEmailIdTest@34e9fd99]" started-at="2025-02-16T16:06:07 IST" name="setUp" finished-at="2025-02-16T16:06:11 IST" duration-ms="3981" status="PASS">
          <reporter-output>
          </reporter-output>
        </test-method> <!-- setUp -->
        <test-method signature="verifyLoginWithValidPersonalEmail()[pri:0, instance:tests.PersonalEmailIdTest@34e9fd99]" started-at="2025-02-16T16:06:11 IST" name="verifyLoginWithValidPersonalEmail" finished-at="2025-02-16T16:06:19 IST" duration-ms="7976" status="PASS">
          <reporter-output>
          </reporter-output>
        </test-method> <!-- verifyLoginWithValidPersonalEmail -->
        <test-method is-config="true" signature="tearDown()[pri:0, instance:tests.PersonalEmailIdTest@34e9fd99]" started-at="2025-02-16T16:06:19 IST" name="tearDown" finished-at="2025-02-16T16:06:20 IST" duration-ms="501" status="PASS">
          <reporter-output>
          </reporter-output>
        </test-method> <!-- tearDown -->
      </class> <!-- tests.PersonalEmailIdTest -->
      <class name="tests.MobileNumberTest">
        <test-method is-config="true" signature="setUp()[pri:0, instance:tests.MobileNumberTest@45752059]" started-at="2025-02-16T16:04:21 IST" name="setUp" finished-at="2025-02-16T16:04:26 IST" duration-ms="4976" status="PASS">
          <reporter-output>
          </reporter-output>
        </test-method> <!-- setUp -->
        <test-method signature="verifyLoginWithInvalidMobileNumber()[pri:0, instance:tests.MobileNumberTest@45752059]" started-at="2025-02-16T16:04:26 IST" name="verifyLoginWithInvalidMobileNumber" finished-at="2025-02-16T16:04:26 IST" duration-ms="436" status="PASS">
          <reporter-output>
          </reporter-output>
        </test-method> <!-- verifyLoginWithInvalidMobileNumber -->
        <test-method is-config="true" signature="tearDown()[pri:0, instance:tests.MobileNumberTest@45752059]" started-at="2025-02-16T16:04:26 IST" name="tearDown" finished-at="2025-02-16T16:04:27 IST" duration-ms="303" status="PASS">
          <reporter-output>
          </reporter-output>
        </test-method> <!-- tearDown -->
        <test-method is-config="true" signature="setUp()[pri:0, instance:tests.MobileNumberTest@45752059]" started-at="2025-02-16T16:04:27 IST" name="setUp" finished-at="2025-02-16T16:04:31 IST" duration-ms="4052" status="PASS">
          <reporter-output>
          </reporter-output>
        </test-method> <!-- setUp -->
        <test-method signature="verifyLoginWithValidMobileNumber()[pri:0, instance:tests.MobileNumberTest@45752059]" started-at="2025-02-16T16:04:31 IST" name="verifyLoginWithValidMobileNumber" finished-at="2025-02-16T16:05:45 IST" duration-ms="74138" status="PASS">
          <reporter-output>
          </reporter-output>
        </test-method> <!-- verifyLoginWithValidMobileNumber -->
        <test-method is-config="true" signature="tearDown()[pri:0, instance:tests.MobileNumberTest@45752059]" started-at="2025-02-16T16:05:45 IST" name="tearDown" finished-at="2025-02-16T16:05:45 IST" duration-ms="401" status="PASS">
          <reporter-output>
          </reporter-output>
        </test-method> <!-- tearDown -->
        <test-method is-config="true" signature="setUp()[pri:0, instance:tests.MobileNumberTest@45752059]" started-at="2025-02-16T16:05:45 IST" name="setUp" finished-at="2025-02-16T16:05:51 IST" duration-ms="5355" status="PASS">
          <reporter-output>
          </reporter-output>
        </test-method> <!-- setUp -->
        <test-method signature="verifyLoginWithValidMobileNumberAndInvalidOTP()[pri:0, instance:tests.MobileNumberTest@45752059]" started-at="2025-02-16T16:05:51 IST" name="verifyLoginWithValidMobileNumberAndInvalidOTP" finished-at="2025-02-16T16:06:01 IST" duration-ms="10634" status="FAIL">
          <exception class="org.openqa.selenium.TimeoutException">
            <message>
              <![CDATA[Expected condition failed: waiting for element to be clickable: By.xpath: //*[@id='otpVerify'] (tried for 10 second(s) with 500 milliseconds interval)
Build info: version: '4.27.0', revision: 'd6e718d134'
System info: os.name: 'Windows 11', os.arch: 'amd64', os.version: '10.0', java.version: '21.0.4'
Driver info: org.openqa.selenium.chrome.ChromeDriver
Capabilities {acceptInsecureCerts: false, browserName: chrome, browserVersion: 133.0.6943.98, chrome: {chromedriverVersion: 133.0.6943.98 (da53563ceb66..., userDataDir: C:\Users\vanis\AppData\Loca...}, fedcm:accounts: true, goog:chromeOptions: {debuggerAddress: localhost:49399}, networkConnectionEnabled: false, pageLoadStrategy: normal, platformName: windows, proxy: Proxy(), se:cdp: ws://localhost:49399/devtoo..., se:cdpVersion: 133.0.6943.98, setWindowRect: true, strictFileInteractability: false, timeouts: {implicit: 0, pageLoad: 300000, script: 30000}, unhandledPromptBehavior: dismiss and notify, webauthn:extension:credBlob: true, webauthn:extension:largeBlob: true, webauthn:extension:minPinLength: true, webauthn:extension:prf: true, webauthn:virtualAuthenticators: true}
Session ID: 66d950c98cbb0725559ac8606b6d5bea]]>
            </message>
            <full-stacktrace>
              <![CDATA[org.openqa.selenium.TimeoutException: Expected condition failed: waiting for element to be clickable: By.xpath: //*[@id='otpVerify'] (tried for 10 second(s) with 500 milliseconds interval)
Build info: version: '4.27.0', revision: 'd6e718d134'
System info: os.name: 'Windows 11', os.arch: 'amd64', os.version: '10.0', java.version: '21.0.4'
Driver info: org.openqa.selenium.chrome.ChromeDriver
Capabilities {acceptInsecureCerts: false, browserName: chrome, browserVersion: 133.0.6943.98, chrome: {chromedriverVersion: 133.0.6943.98 (da53563ceb66..., userDataDir: C:\Users\vanis\AppData\Loca...}, fedcm:accounts: true, goog:chromeOptions: {debuggerAddress: localhost:49399}, networkConnectionEnabled: false, pageLoadStrategy: normal, platformName: windows, proxy: Proxy(), se:cdp: ws://localhost:49399/devtoo..., se:cdpVersion: 133.0.6943.98, setWindowRect: true, strictFileInteractability: false, timeouts: {implicit: 0, pageLoad: 300000, script: 30000}, unhandledPromptBehavior: dismiss and notify, webauthn:extension:credBlob: true, webauthn:extension:largeBlob: true, webauthn:extension:minPinLength: true, webauthn:extension:prf: true, webauthn:virtualAuthenticators: true}
Session ID: 66d950c98cbb0725559ac8606b6d5bea
at org.openqa.selenium.support.ui.WebDriverWait.timeoutException(WebDriverWait.java:84)
at org.openqa.selenium.support.ui.FluentWait.until(FluentWait.java:228)
at tests.MobileNumberTest.verifyLoginWithValidMobileNumberAndInvalidOTP(MobileNumberTest.java:103)
at java.base/jdk.internal.reflect.DirectMethodHandleAccessor.invoke(DirectMethodHandleAccessor.java:103)
at java.base/java.lang.reflect.Method.invoke(Method.java:580)
at org.testng.internal.MethodInvocationHelper.invokeMethod(MethodInvocationHelper.java:133)
at org.testng.internal.TestInvoker.invokeMethod(TestInvoker.java:598)
at org.testng.internal.TestInvoker.invokeTestMethod(TestInvoker.java:173)
at org.testng.internal.MethodRunner.runInSequence(MethodRunner.java:46)
at org.testng.internal.TestInvoker$MethodInvocationAgent.invoke(TestInvoker.java:824)
at org.testng.internal.TestInvoker.invokeTestMethods(TestInvoker.java:146)
at org.testng.internal.TestMethodWorker.invokeTestMethods(TestMethodWorker.java:146)
at org.testng.internal.TestMethodWorker.run(TestMethodWorker.java:128)
at java.base/java.util.ArrayList.forEach(ArrayList.java:1596)
at org.testng.TestRunner.privateRun(TestRunner.java:794)
at org.testng.TestRunner.run(TestRunner.java:596)
at org.testng.SuiteRunner.runTest(SuiteRunner.java:377)
at org.testng.SuiteRunner.runSequentially(SuiteRunner.java:371)
at org.testng.SuiteRunner.privateRun(SuiteRunner.java:332)
at org.testng.SuiteRunner.run(SuiteRunner.java:276)
at org.testng.SuiteRunnerWorker.runSuite(SuiteRunnerWorker.java:53)
at org.testng.SuiteRunnerWorker.run(SuiteRunnerWorker.java:96)
at org.testng.TestNG.runSuitesSequentially(TestNG.java:1212)
at org.testng.TestNG.runSuitesLocally(TestNG.java:1134)
at org.testng.TestNG.runSuites(TestNG.java:1063)
at org.testng.TestNG.run(TestNG.java:1031)
at org.testng.remote.AbstractRemoteTestNG.run(AbstractRemoteTestNG.java:115)
at org.testng.remote.RemoteTestNG.initAndRun(RemoteTestNG.java:293)
at org.testng.remote.RemoteTestNG.main(RemoteTestNG.java:91)
]]>
            </full-stacktrace>
          </exception> <!-- org.openqa.selenium.TimeoutException -->
          <reporter-output>
          </reporter-output>
        </test-method> <!-- verifyLoginWithValidMobileNumberAndInvalidOTP -->
        <test-method is-config="true" signature="tearDown()[pri:0, instance:tests.MobileNumberTest@45752059]" started-at="2025-02-16T16:06:01 IST" name="tearDown" finished-at="2025-02-16T16:06:02 IST" duration-ms="532" status="PASS">
          <reporter-output>
          </reporter-output>
        </test-method> <!-- tearDown -->
      </class> <!-- tests.MobileNumberTest -->
      <class name="tests.LoginWithGmail">
        <test-method is-config="true" signature="setUp()[pri:0, instance:tests.LoginWithGmail@36ebc363]" started-at="2025-02-16T16:04:13 IST" name="setUp" finished-at="2025-02-16T16:04:18 IST" duration-ms="5103" status="PASS">
          <reporter-output>
          </reporter-output>
        </test-method> <!-- setUp -->
        <test-method signature="verifyGoogleLoginButton()[pri:0, instance:tests.LoginWithGmail@36ebc363]" started-at="2025-02-16T16:04:18 IST" name="verifyGoogleLoginButton" finished-at="2025-02-16T16:04:20 IST" duration-ms="1997" status="PASS">
          <reporter-output>
          </reporter-output>
        </test-method> <!-- verifyGoogleLoginButton -->
        <test-method is-config="true" signature="tearDown()[pri:0, instance:tests.LoginWithGmail@36ebc363]" started-at="2025-02-16T16:04:20 IST" name="tearDown" finished-at="2025-02-16T16:04:21 IST" duration-ms="1107" status="PASS">
          <reporter-output>
          </reporter-output>
        </test-method> <!-- tearDown -->
      </class> <!-- tests.LoginWithGmail -->
    </test> <!-- All Tests -->
  </suite> <!-- ZRPL Test Suite -->
</testng-results>
